<?xml version="1.0" encoding="UTF-8"?>
<!-- Generated by org.testng.reporters.JUnitReportReporter -->
<testsuite hostname="HBPTester" failures="0" tests="1" name="dd.project.qd4alert" time="8.166" errors="0" timestamp="2025-03-20T15:34:53 IST" skipped="0">
  <testcase classname="dd.project.qd4alert" name="testStorageDetails" time="8.166"/>
  <system-out/>
</testsuite> <!-- dd.project.qd4alert -->
