<?xml version="1.0" encoding="UTF-8"?>
<!-- Generated by org.testng.reporters.JUnitReportReporter -->
<testsuite hostname="HBPTester" failures="0" tests="1" name="dd.project.PP2Storage" time="2.160" errors="0" timestamp="2025-03-18T13:14:02 IST" skipped="0">
  <testcase classname="dd.project.PP2Storage" name="testStorageDetails" time="2.160"/>
  <system-out/>
</testsuite> <!-- dd.project.PP2Storage -->
