<?xml version="1.0" encoding="UTF-8"?>
<!-- Generated by org.testng.reporters.JUnitReportReporter -->
<testsuite hostname="HBPTester" failures="0" tests="1" name="dd.project.pp1storage" time="2.316" errors="0" timestamp="2025-03-18T15:34:12 IST" skipped="0">
  <testcase classname="dd.project.pp1storage" name="testStorageDetails" time="2.316"/>
  <system-out/>
</testsuite> <!-- dd.project.pp1storage -->
