<?xml version="1.0" encoding="UTF-8"?>
<!-- Generated by org.testng.reporters.JUnitReportReporter -->
<testsuite hostname="HBPTester" failures="0" tests="1" name="dd.project.pp7alert" time="2.011" errors="0" timestamp="2025-03-20T15:25:06 IST" skipped="0">
  <testcase classname="dd.project.pp7alert" name="testStorageDetails" time="2.011"/>
  <system-out/>
</testsuite> <!-- dd.project.pp7alert -->
