<?xml version="1.0" encoding="UTF-8"?>
<!-- Generated by org.testng.reporters.JUnitReportReporter -->
<testsuite hostname="HBPTester" failures="0" tests="1" name="dd.project.pp4storage" time="1.865" errors="0" timestamp="2025-03-18T17:26:13 IST" skipped="0">
  <testcase classname="dd.project.pp4storage" name="testStorageDetails" time="1.865"/>
  <system-out/>
</testsuite> <!-- dd.project.pp4storage -->
