<?xml version="1.0" encoding="UTF-8"?>
<!-- Generated by org.testng.reporters.JUnitReportReporter -->
<testsuite hostname="HBPTester" failures="0" tests="1" name="dd.project.Scanning_StoragesReport" time="1.943" errors="0" timestamp="2025-03-19T15:58:44 IST" skipped="0">
  <testcase classname="dd.project.Scanning_StoragesReport" name="testStorageDetails" time="1.943"/>
  <system-out/>
</testsuite> <!-- dd.project.Scanning_StoragesReport -->
