<?xml version="1.0" encoding="UTF-8"?>
<!-- Generated by org.testng.reporters.JUnitReportReporter -->
<testsuite hostname="HBPTester" failures="0" tests="1" name="dd.project.pp2_humanbrain" time="2.149" errors="0" timestamp="2025-03-19T16:52:43 IST" skipped="0">
  <testcase classname="dd.project.pp2_humanbrain" name="testStorageDetails" time="2.149"/>
  <system-out/>
</testsuite> <!-- dd.project.pp2_humanbrain -->
