<?xml version="1.0" encoding="UTF-8"?>
<!-- Generated by org.testng.reporters.JUnitReportReporter -->
<testsuite hostname="HBPTester" failures="0" tests="1" name="dd.project.pp3storage" time="2.010" errors="0" timestamp="2025-03-20T13:05:41 IST" skipped="0">
  <testcase classname="dd.project.pp3storage" name="testStorageDetails" time="2.010"/>
  <system-out/>
</testsuite> <!-- dd.project.pp3storage -->
