<?xml version="1.0" encoding="UTF-8"?>
<!-- Generated by org.testng.reporters.JUnitReportReporter -->
<testsuite hostname="HBPTester" failures="0" tests="1" name="dd.project.pp1_humanbrain" time="2.565" errors="0" timestamp="2025-03-19T16:47:06 IST" skipped="0">
  <testcase classname="dd.project.pp1_humanbrain" name="testStorageDetails" time="2.565"/>
  <system-out/>
</testsuite> <!-- dd.project.pp1_humanbrain -->
