<?xml version="1.0" encoding="UTF-8"?>
<!-- Generated by org.testng.reporters.JUnitReportReporter -->
<testsuite hostname="HBPTester" failures="0" tests="1" name="dd.project.test1" time="5.455" errors="0" timestamp="2025-03-18T13:26:59 IST" skipped="0">
  <testcase classname="dd.project.test1" name="testStorageDetails" time="5.455"/>
  <system-out/>
</testsuite> <!-- dd.project.test1 -->
